2018-07-16 14:21:32,082 - DEBUG - This is a bebug log
2018-07-16 14:21:32,083 - INFO - This is a info log
2018-07-16 14:21:32,083 - WARNING - WARNING
2018-07-16 14:21:32,083 - ERROR - ERROR
2018-07-16 14:21:32,083 - CRITICAL - CRITICAL
07/16/2018 14:24:57 PM - DEBUG - This is a bebug log
07/16/2018 14:24:57 PM - INFO - This is a info log
07/16/2018 14:24:57 PM - WARNING - WARNING
07/16/2018 14:24:57 PM - ERROR - ERROR
07/16/2018 14:24:57 PM - CRITICAL - CRITICAL
07/16/2018 14:36:53 PM - DEBUG - test1.py[:7] - This is a bebug log
07/16/2018 14:36:53 PM - INFO - test1.py[:8] - This is a info log
07/16/2018 14:36:53 PM - WARNING - test1.py[:9] - WARNING
07/16/2018 14:36:53 PM - ERROR - test1.py[:10] - ERROR
07/16/2018 14:36:53 PM - CRITICAL - test1.py[:11] - CRITICAL
07/16/2018 14:37:55 - DEBUG - test1.py[:7] - This is a bebug log
07/16/2018 14:37:55 - INFO - test1.py[:8] - This is a info log
07/16/2018 14:37:55 - WARNING - test1.py[:9] - WARNING
07/16/2018 14:37:55 - ERROR - test1.py[:10] - ERROR
07/16/2018 14:37:55 - CRITICAL - test1.py[:11] - CRITICAL
07/16/2018 14:50:36 - WARNING - test1.py[:8] - Some one delete the log file
None
07/16/2018 14:50:36 - DEBUG - test1.py[:10] - This is a bebug log
07/16/2018 14:50:36 - INFO - test1.py[:11] - This is a info log
07/16/2018 14:50:36 - ERROR - test1.py[:13] - ERROR
07/16/2018 14:50:36 - CRITICAL - test1.py[:14] - CRITICAL
07/16/2018 14:50:58 - WARNING - test1.py[:8] - Some one delete the log file
None
07/16/2018 14:50:58 - DEBUG - test1.py[:10] - This is a bebug log
07/16/2018 14:50:58 - INFO - test1.py[:11] - This is a info log
07/16/2018 14:50:58 - ERROR - test1.py[:13] - ERROR
07/16/2018 14:50:58 - CRITICAL - test1.py[:14] - CRITICAL
